-------------------------------------------------------------------------------
Test set: org.apache.dubbo.metadata.definition.TypeDefinitionBuilderTest
-------------------------------------------------------------------------------
Tests run: 1, Failures: 0, Errors: 1, Skipped: 0, Time elapsed: 0.008 s <<< FAILURE! - in org.apache.dubbo.metadata.definition.TypeDefinitionBuilderTest
org.apache.dubbo.metadata.definition.TypeDefinitionBuilderTest.testSortTypeBuilder  Time elapsed: 0.006 s  <<< ERROR!
java.lang.NullPointerException
	at org.apache.dubbo.metadata.definition.TypeDefinitionBuilderTest.testSortTypeBuilder(TypeDefinitionBuilderTest.java:28)

