<?xml version="1.0" encoding="UTF-8"?>
<testsuite xmlns:xsi="http://www.w3.org/2001/XMLSchema-instance" xsi:noNamespaceSchemaLocation="https://maven.apache.org/surefire/maven-surefire-plugin/xsd/surefire-test-report-3.0.xsd" version="3.0" name="org.apache.dubbo.common.compiler.support.JdkCompilerTest" time="0.205" tests="6" errors="0" skipped="0" failures="0">
  <properties>
[...]
</properties>
  <testcase name="test_compileJavaClass0_java8" classname="org.apache.dubbo.common.compiler.support.JdkCompilerTest" time="0.028"/>
  <testcase name="test_compileJavaClass" classname="org.apache.dubbo.common.compiler.support.JdkCompilerTest" time="0.076"/>
  <testcase name="test_compileJavaClass1_java8" classname="org.apache.dubbo.common.compiler.support.JdkCompilerTest" time="0.004"/>
  <testcase name="test_compileJavaClass0" classname="org.apache.dubbo.common.compiler.support.JdkCompilerTest" time="0.008"/>
  <testcase name="test_compileJavaClass1" classname="org.apache.dubbo.common.compiler.support.JdkCompilerTest" time="0.005"/>
  <testcase name="test_compileJavaClass_java8" classname="org.apache.dubbo.common.compiler.support.JdkCompilerTest" time="0.066"/>
</testsuite>