<?xml version="1.0" encoding="UTF-8"?>
<testsuite xmlns:xsi="http://www.w3.org/2001/XMLSchema-instance" xsi:noNamespaceSchemaLocation="https://maven.apache.org/surefire/maven-surefire-plugin/xsd/surefire-test-report-3.0.xsd" version="3.0" name="org.apache.dubbo.common.URLTest" time="0.282" tests="46" errors="0" skipped="0" failures="0">
  <properties>
[...]
</properties>
  <testcase name="test_javaNetUrl" classname="org.apache.dubbo.common.URLTest" time="0.002"/>
  <testcase name="testAddParameters" classname="org.apache.dubbo.common.URLTest" time="0.009"/>
  <testcase name="testGetAuthority" classname="org.apache.dubbo.common.URLTest" time="0.001"/>
  <testcase name="testIpV6Address" classname="org.apache.dubbo.common.URLTest" time="0.008"/>
  <testcase name="test_noValueKey" classname="org.apache.dubbo.common.URLTest" time="0.001"/>
  <testcase name="test_getAddress" classname="org.apache.dubbo.common.URLTest" time="0.001"/>
  <testcase name="testGetColonSeparatedKey" classname="org.apache.dubbo.common.URLTest" time="0.005"/>
  <testcase name="testGetParameter" classname="org.apache.dubbo.common.URLTest" time="0.073"/>
  <testcase name="testEqualsWithProtocol" classname="org.apache.dubbo.common.URLTest" time="0.001"/>
  <testcase name="test_Path" classname="org.apache.dubbo.common.URLTest" time="0.004"/>
  <testcase name="testDefaultPort" classname="org.apache.dubbo.common.URLTest" time="0"/>
  <testcase name="test_getAbsolutePath" classname="org.apache.dubbo.common.URLTest" time="0.001"/>
  <testcase name="test_addParameters_SameKv" classname="org.apache.dubbo.common.URLTest" time="0.005"/>
  <testcase name="test_removeParameters" classname="org.apache.dubbo.common.URLTest" time="0.003"/>
  <testcase name="test_equals" classname="org.apache.dubbo.common.URLTest" time="0.002"/>
  <testcase name="test_addParameters" classname="org.apache.dubbo.common.URLTest" time="0.002"/>
  <testcase name="test_Anyhost" classname="org.apache.dubbo.common.URLTest" time="0.001"/>
  <testcase name="testUserNamePasswordContainsAt" classname="org.apache.dubbo.common.URLTest" time="0.002"/>
  <testcase name="testValueOf" classname="org.apache.dubbo.common.URLTest" time="0.007"/>
  <testcase name="testGetServiceKey" classname="org.apache.dubbo.common.URLTest" time="0.005"/>
  <testcase name="test_valueOf_Exception_noProtocol" classname="org.apache.dubbo.common.URLTest" time="0.002"/>
  <testcase name="test_addParameterIfAbsent" classname="org.apache.dubbo.common.URLTest" time="0.001"/>
  <testcase name="test_valueOf_WithProtocolHost" classname="org.apache.dubbo.common.URLTest" time="0.005"/>
  <testcase name="test_toFullString" classname="org.apache.dubbo.common.URLTest" time="0.002"/>
  <testcase name="test_valueOf_noProtocol" classname="org.apache.dubbo.common.URLTest" time="0.003"/>
  <testcase name="test_valueOf_spaceSafe" classname="org.apache.dubbo.common.URLTest" time="0.003"/>
  <testcase name="test_addParameter_sameKv" classname="org.apache.dubbo.common.URLTest" time="0"/>
  <testcase name="testIpV6AddressWithScopeId" classname="org.apache.dubbo.common.URLTest" time="0.001"/>
  <testcase name="test_addParameter" classname="org.apache.dubbo.common.URLTest" time="0.003"/>
  <testcase name="testHashcode" classname="org.apache.dubbo.common.URLTest" time="0.001"/>
  <testcase name="test_Localhost" classname="org.apache.dubbo.common.URLTest" time="0.004"/>
  <testcase name="test_valueOf_noHost" classname="org.apache.dubbo.common.URLTest" time="0.001"/>
  <testcase name="testEqualsWithPassword" classname="org.apache.dubbo.common.URLTest" time="0.001"/>
  <testcase name="test_set_methods" classname="org.apache.dubbo.common.URLTest" time="0.006"/>
  <testcase name="testParameterContainPound" classname="org.apache.dubbo.common.URLTest" time="0.001"/>
  <testcase name="test_toString" classname="org.apache.dubbo.common.URLTest" time="0"/>
  <testcase name="testEquals" classname="org.apache.dubbo.common.URLTest" time="0.005"/>
  <testcase name="test_valueOfHasNameWithoutValue" classname="org.apache.dubbo.common.URLTest" time="0"/>
  <testcase name="test_valueOf_noProtocolAndHost" classname="org.apache.dubbo.common.URLTest" time="0.001"/>
  <testcase name="test_windowAbsolutePathBeginWithSlashIsValid" classname="org.apache.dubbo.common.URLTest" time="0"/>
  <testcase name="testGetUserInformation" classname="org.apache.dubbo.common.URLTest" time="0"/>
  <testcase name="test_ignore_pond" classname="org.apache.dubbo.common.URLTest" time="0.008"/>
  <testcase name="testGetParameters" classname="org.apache.dubbo.common.URLTest" time="0.001"/>
  <testcase name="testEqualsWithPath" classname="org.apache.dubbo.common.URLTest" time="0.001"/>
  <testcase name="testEqualsWithPort" classname="org.apache.dubbo.common.URLTest" time="0.001"/>
  <testcase name="testEqualsWithUser" classname="org.apache.dubbo.common.URLTest" time="0.004"/>
</testsuite>